virgolini/build/intermediates/manifest_merge_blame_file/debug/manifest-merger-blame-debug-report.txt
1<?xml version="1.0" encoding="utf-8"?>
2<manifest xmlns:android="http://schemas.android.com/apk/res/android"
3    package="es.upm.miw.virgolini"
4    android:versionCode="1"
5    android:versionName="1.0" >
6
7    <uses-sdk
8        android:minSdkVersion="24"
8-->src/main/AndroidManifest.xml
9        android:targetSdkVersion="29" />
9-->src/main/AndroidManifest.xml
10
11    <uses-permission android:name="android.permission.INTERNET" />
11-->[com.google.firebase:firebase-measurement-connector-impl:17.0.2] AndroidManifest.xml:22:5-67
11-->[com.google.firebase:firebase-measurement-connector-impl:17.0.2] AndroidManifest.xml:22:22-64
12    <uses-permission android:name="android.permission.ACCESS_NETWORK_STATE" />
12-->[com.google.firebase:firebase-measurement-connector-impl:17.0.2] AndroidManifest.xml:23:5-79
12-->[com.google.firebase:firebase-measurement-connector-impl:17.0.2] AndroidManifest.xml:23:22-76
13    <uses-permission android:name="android.permission.WAKE_LOCK" />
13-->[com.google.firebase:firebase-measurement-connector-impl:17.0.2] AndroidManifest.xml:24:5-68
13-->[com.google.firebase:firebase-measurement-connector-impl:17.0.2] AndroidManifest.xml:24:22-65
14    <uses-permission android:name="com.google.android.finsky.permission.BIND_GET_INSTALL_REFERRER_SERVICE" /> <!-- Required by older versions of Google Play services to create IID tokens -->
14-->[com.google.firebase:firebase-analytics:16.0.4] AndroidManifest.xml:26:5-110
14-->[com.google.firebase:firebase-analytics:16.0.4] AndroidManifest.xml:26:22-107
15    <uses-permission android:name="com.google.android.c2dm.permission.RECEIVE" />
15-->[com.google.firebase:firebase-iid:17.0.3] AndroidManifest.xml:26:5-82
15-->[com.google.firebase:firebase-iid:17.0.3] AndroidManifest.xml:26:22-79
16
17    <application
17-->src/main/AndroidManifest.xml:6:5-29:19
18        android:allowBackup="true"
18-->src/main/AndroidManifest.xml:7:9-35
19        android:appComponentFactory="androidx.core.app.CoreComponentFactory"
19-->[androidx.core:core:1.1.0] AndroidManifest.xml:24:18-86
20        android:debuggable="true"
21        android:extractNativeLibs="false"
22        android:fullBackupContent="true"
22-->src/main/AndroidManifest.xml:8:9-41
23        android:icon="@mipmap/ic_launcher"
23-->src/main/AndroidManifest.xml:9:9-43
24        android:label="@string/app_name"
24-->src/main/AndroidManifest.xml:10:9-41
25        android:roundIcon="@mipmap/ic_launcher_round"
25-->src/main/AndroidManifest.xml:11:9-54
26        android:supportsRtl="true"
26-->src/main/AndroidManifest.xml:12:9-35
27        android:testOnly="true"
28        android:theme="@style/AppTheme" >
28-->src/main/AndroidManifest.xml:14:9-40
29        <activity android:name="es.upm.miw.virgolini.MainActivity" >
29-->src/main/AndroidManifest.xml:15:9-21:20
29-->src/main/AndroidManifest.xml:15:19-67
30            <intent-filter>
30-->src/main/AndroidManifest.xml:16:13-20:29
31                <action android:name="android.intent.action.MAIN" />
31-->src/main/AndroidManifest.xml:17:17-69
31-->src/main/AndroidManifest.xml:17:25-66
32
33                <category android:name="android.intent.category.LAUNCHER" />
33-->src/main/AndroidManifest.xml:19:17-77
33-->src/main/AndroidManifest.xml:19:27-74
34            </intent-filter>
35        </activity>
36        <activity android:name="es.upm.miw.virgolini.SignInActivity" >
36-->src/main/AndroidManifest.xml:22:9-28:20
36-->src/main/AndroidManifest.xml:22:19-69
37            <intent-filter>
37-->src/main/AndroidManifest.xml:16:13-20:29
38                <action android:name="android.intent.action.MAIN" />
38-->src/main/AndroidManifest.xml:17:17-69
38-->src/main/AndroidManifest.xml:17:25-66
39
40                <category android:name="android.intent.category.LAUNCHER" />
40-->src/main/AndroidManifest.xml:19:17-77
40-->src/main/AndroidManifest.xml:19:27-74
41            </intent-filter>
42        </activity>
43        <activity
43-->[com.google.firebase:firebase-auth:16.0.5] AndroidManifest.xml:24:9-31:50
44            android:name="com.google.firebase.auth.internal.FederatedSignInActivity"
44-->[com.google.firebase:firebase-auth:16.0.5] AndroidManifest.xml:25:13-85
45            android:excludeFromRecents="true"
45-->[com.google.firebase:firebase-auth:16.0.5] AndroidManifest.xml:26:13-46
46            android:exported="true"
46-->[com.google.firebase:firebase-auth:16.0.5] AndroidManifest.xml:27:13-36
47            android:launchMode="singleTask"
47-->[com.google.firebase:firebase-auth:16.0.5] AndroidManifest.xml:28:13-44
48            android:permission="com.google.firebase.auth.api.gms.permission.LAUNCH_FEDERATED_SIGN_IN"
48-->[com.google.firebase:firebase-auth:16.0.5] AndroidManifest.xml:29:13-102
49            android:theme="@android:style/Theme.Translucent.NoTitleBar" />
49-->[com.google.firebase:firebase-auth:16.0.5] AndroidManifest.xml:30:13-72
50
51        <service
51-->[com.google.firebase:firebase-auth:16.0.5] AndroidManifest.xml:33:9-39:19
52            android:name="com.google.firebase.components.ComponentDiscoveryService"
52-->[com.google.firebase:firebase-auth:16.0.5] AndroidManifest.xml:34:13-84
53            android:exported="false" >
53-->[com.google.firebase:firebase-auth:16.0.5] AndroidManifest.xml:35:13-37
54            <meta-data
54-->[com.google.firebase:firebase-auth:16.0.5] AndroidManifest.xml:36:13-38:85
55                android:name="com.google.firebase.components:com.google.firebase.auth.FirebaseAuthRegistrar"
55-->[com.google.firebase:firebase-auth:16.0.5] AndroidManifest.xml:37:17-109
56                android:value="com.google.firebase.components.ComponentRegistrar" />
56-->[com.google.firebase:firebase-auth:16.0.5] AndroidManifest.xml:38:17-82
57            <meta-data
57-->[com.google.firebase:firebase-measurement-connector-impl:17.0.2] AndroidManifest.xml:28:13-30:85
58                android:name="com.google.firebase.components:com.google.firebase.analytics.connector.internal.AnalyticsConnectorRegistrar"
58-->[com.google.firebase:firebase-measurement-connector-impl:17.0.2] AndroidManifest.xml:29:17-139
59                android:value="com.google.firebase.components.ComponentRegistrar" />
59-->[com.google.firebase:firebase-measurement-connector-impl:17.0.2] AndroidManifest.xml:30:17-82
60            <meta-data
60-->[com.google.firebase:firebase-iid:17.0.3] AndroidManifest.xml:32:13-34:85
61                android:name="com.google.firebase.components:com.google.firebase.iid.Registrar"
61-->[com.google.firebase:firebase-iid:17.0.3] AndroidManifest.xml:33:17-96
62                android:value="com.google.firebase.components.ComponentRegistrar" />
62-->[com.google.firebase:firebase-iid:17.0.3] AndroidManifest.xml:34:17-82
63        </service>
64
65        <receiver
65-->[com.google.firebase:firebase-analytics:16.0.4] AndroidManifest.xml:29:9-33:20
66            android:name="com.google.android.gms.measurement.AppMeasurementReceiver"
66-->[com.google.firebase:firebase-analytics:16.0.4] AndroidManifest.xml:30:13-85
67            android:enabled="true"
67-->[com.google.firebase:firebase-analytics:16.0.4] AndroidManifest.xml:31:13-35
68            android:exported="false" >
68-->[com.google.firebase:firebase-analytics:16.0.4] AndroidManifest.xml:32:13-37
69        </receiver>
70        <receiver
70-->[com.google.firebase:firebase-analytics:16.0.4] AndroidManifest.xml:34:9-42:20
71            android:name="com.google.android.gms.measurement.AppMeasurementInstallReferrerReceiver"
71-->[com.google.firebase:firebase-analytics:16.0.4] AndroidManifest.xml:35:13-100
72            android:enabled="true"
72-->[com.google.firebase:firebase-analytics:16.0.4] AndroidManifest.xml:36:13-35
73            android:exported="true"
73-->[com.google.firebase:firebase-analytics:16.0.4] AndroidManifest.xml:37:13-36
74            android:permission="android.permission.INSTALL_PACKAGES" >
74-->[com.google.firebase:firebase-analytics:16.0.4] AndroidManifest.xml:38:13-69
75            <intent-filter>
75-->[com.google.firebase:firebase-analytics:16.0.4] AndroidManifest.xml:39:13-41:29
76                <action android:name="com.android.vending.INSTALL_REFERRER" />
76-->[com.google.firebase:firebase-analytics:16.0.4] AndroidManifest.xml:40:17-79
76-->[com.google.firebase:firebase-analytics:16.0.4] AndroidManifest.xml:40:25-76
77            </intent-filter>
78        </receiver>
79
80        <service
80-->[com.google.firebase:firebase-analytics:16.0.4] AndroidManifest.xml:44:9-47:40
81            android:name="com.google.android.gms.measurement.AppMeasurementService"
81-->[com.google.firebase:firebase-analytics:16.0.4] AndroidManifest.xml:45:13-84
82            android:enabled="true"
82-->[com.google.firebase:firebase-analytics:16.0.4] AndroidManifest.xml:46:13-35
83            android:exported="false" />
83-->[com.google.firebase:firebase-analytics:16.0.4] AndroidManifest.xml:47:13-37
84        <service
84-->[com.google.firebase:firebase-analytics:16.0.4] AndroidManifest.xml:48:9-52:72
85            android:name="com.google.android.gms.measurement.AppMeasurementJobService"
85-->[com.google.firebase:firebase-analytics:16.0.4] AndroidManifest.xml:49:13-87
86            android:enabled="true"
86-->[com.google.firebase:firebase-analytics:16.0.4] AndroidManifest.xml:50:13-35
87            android:exported="false"
87-->[com.google.firebase:firebase-analytics:16.0.4] AndroidManifest.xml:51:13-37
88            android:permission="android.permission.BIND_JOB_SERVICE" />
88-->[com.google.firebase:firebase-analytics:16.0.4] AndroidManifest.xml:52:13-69
89
90        <receiver
90-->[com.google.firebase:firebase-iid:17.0.3] AndroidManifest.xml:37:9-44:20
91            android:name="com.google.firebase.iid.FirebaseInstanceIdReceiver"
91-->[com.google.firebase:firebase-iid:17.0.3] AndroidManifest.xml:38:13-78
92            android:exported="true"
92-->[com.google.firebase:firebase-iid:17.0.3] AndroidManifest.xml:39:13-36
93            android:permission="com.google.android.c2dm.permission.SEND" >
93-->[com.google.firebase:firebase-iid:17.0.3] AndroidManifest.xml:40:13-73
94            <intent-filter>
94-->[com.google.firebase:firebase-iid:17.0.3] AndroidManifest.xml:41:13-43:29
95                <action android:name="com.google.android.c2dm.intent.RECEIVE" />
95-->[com.google.firebase:firebase-iid:17.0.3] AndroidManifest.xml:42:17-81
95-->[com.google.firebase:firebase-iid:17.0.3] AndroidManifest.xml:42:25-78
96            </intent-filter>
97        </receiver>
98        <!--
99             FirebaseInstanceIdService performs security checks at runtime,
100             no need for explicit permissions despite exported="true"
101        -->
102        <service
102-->[com.google.firebase:firebase-iid:17.0.3] AndroidManifest.xml:50:9-56:19
103            android:name="com.google.firebase.iid.FirebaseInstanceIdService"
103-->[com.google.firebase:firebase-iid:17.0.3] AndroidManifest.xml:51:13-77
104            android:exported="true" >
104-->[com.google.firebase:firebase-iid:17.0.3] AndroidManifest.xml:52:13-36
105            <intent-filter android:priority="-500" >
105-->[com.google.firebase:firebase-iid:17.0.3] AndroidManifest.xml:53:13-55:29
105-->[com.google.firebase:firebase-iid:17.0.3] AndroidManifest.xml:53:28-51
106                <action android:name="com.google.firebase.INSTANCE_ID_EVENT" />
106-->[com.google.firebase:firebase-iid:17.0.3] AndroidManifest.xml:54:17-80
106-->[com.google.firebase:firebase-iid:17.0.3] AndroidManifest.xml:54:25-77
107            </intent-filter>
108        </service>
109
110        <activity
110-->[com.google.android.gms:play-services-base:16.0.1] AndroidManifest.xml:23:9-26:75
111            android:name="com.google.android.gms.common.api.GoogleApiActivity"
111-->[com.google.android.gms:play-services-base:16.0.1] AndroidManifest.xml:24:13-79
112            android:exported="false"
112-->[com.google.android.gms:play-services-base:16.0.1] AndroidManifest.xml:25:13-37
113            android:theme="@android:style/Theme.Translucent.NoTitleBar" />
113-->[com.google.android.gms:play-services-base:16.0.1] AndroidManifest.xml:26:13-72
114
115        <provider
115-->[com.google.firebase:firebase-common:16.0.3] AndroidManifest.xml:10:9-14:39
116            android:name="com.google.firebase.provider.FirebaseInitProvider"
116-->[com.google.firebase:firebase-common:16.0.3] AndroidManifest.xml:11:13-77
117            android:authorities="es.upm.miw.virgolini.firebaseinitprovider"
117-->[com.google.firebase:firebase-common:16.0.3] AndroidManifest.xml:12:13-72
118            android:exported="false"
118-->[com.google.firebase:firebase-common:16.0.3] AndroidManifest.xml:13:13-37
119            android:initOrder="100" />
119-->[com.google.firebase:firebase-common:16.0.3] AndroidManifest.xml:14:13-36
120
121        <meta-data
121-->[com.google.android.gms:play-services-basement:16.1.0] AndroidManifest.xml:23:9-25:69
122            android:name="com.google.android.gms.version"
122-->[com.google.android.gms:play-services-basement:16.1.0] AndroidManifest.xml:24:13-58
123            android:value="@integer/google_play_services_version" />
123-->[com.google.android.gms:play-services-basement:16.1.0] AndroidManifest.xml:25:13-66
124    </application>
125
126</manifest>